

***********************************************************************
Fatal NI connect error 12541, connecting to:
 (DESCRIPTION=(CONNECT_DATA=(SID=*)(SERVICE_NAME=192.168.50.185)(CID=(PROGRAM=F:\demo\DbToEntityDesign\NBear.Tools.DbToEntityDesign.exe)(HOST=NWJKHBGFPYSUAOX)(USER=Administrator)))(ADDRESS=(PROTOCOL=TCP)(HOST=192.168.50.185)(PORT=1521)))

  VERSION INFORMATION:
	TNS for 32-bit Windows: Version 9.2.0.1.0 - Production
	Windows NT TCP/IP NT Protocol Adapter for 32-bit Windows: Version 9.2.0.1.0 - Production
  Time: 05-2ÔÂ -2015 16:44:13
  Tracing not turned on.
  Tns error struct:
    nr err code: 0
    ns main err code: 12541
    TNS-12541: TNS£ºÎÞ¼àÌýÆ÷
    ns secondary err code: 12560
    nt main err code: 511
    TNS-00511: ÎÞ¼àÌýÆ÷
    nt secondary err code: 61
    nt OS err code: 0


***********************************************************************
Fatal NI connect error 12541, connecting to:
 (DESCRIPTION=(CONNECT_DATA=(SID=*)(SERVICE_NAME=192.168.50.185)(CID=(PROGRAM=F:\demo\DbToEntityDesign\NBear.Tools.DbToEntityDesign.exe)(HOST=NWJKHBGFPYSUAOX)(USER=Administrator)))(ADDRESS=(PROTOCOL=TCP)(HOST=192.168.50.185)(PORT=1521)))

  VERSION INFORMATION:
	TNS for 32-bit Windows: Version 9.2.0.1.0 - Production
	Windows NT TCP/IP NT Protocol Adapter for 32-bit Windows: Version 9.2.0.1.0 - Production
  Time: 05-2ÔÂ -2015 16:44:35
  Tracing not turned on.
  Tns error struct:
    nr err code: 0
    ns main err code: 12541
    TNS-12541: TNS£ºÎÞ¼àÌýÆ÷
    ns secondary err code: 12560
    nt main err code: 511
    TNS-00511: ÎÞ¼àÌýÆ÷
    nt secondary err code: 61
    nt OS err code: 0
